2022-05-140 00:09:28 WARN HikariPool-1 - Thread starvation or clock leap detected (housekeeper delta=26m51s30ms).
2022-05-140 00:28:45 WARN HikariPool-1 - Thread starvation or clock leap detected (housekeeper delta=18m16s922ms).
2022-05-140 00:46:06 WARN HikariPool-1 - Thread starvation or clock leap detected (housekeeper delta=17m21s420ms).
2022-05-140 01:10:19 WARN HikariPool-1 - Thread starvation or clock leap detected (housekeeper delta=23m43s408ms).
2022-05-140 01:26:51 WARN HikariPool-1 - Thread starvation or clock leap detected (housekeeper delta=16m1s461ms).
2022-05-140 01:27:20 INFO WebSocketSession[0 current WS(0)-HttpStream(0)-HttpPoll(0), 0 total, 0 closed abnormally (0 connect failure, 0 send limit, 0 transport error)], stompSubProtocol[processed CONNECT(0)-CONNECTED(0)-DISCONNECT(0)], stompBrokerRelay[null], inboundChannel[pool size = 0, active threads = 0, queued tasks = 0, completed tasks = 0], outboundChannel[pool size = 0, active threads = 0, queued tasks = 0, completed tasks = 0], sockJsScheduler[pool size = 5, active threads = 1, queued tasks = 0, completed tasks = 4]
2022-05-140 01:45:40 WARN HikariPool-1 - Thread starvation or clock leap detected (housekeeper delta=17m17s79ms).
2022-05-140 02:40:23 WARN HikariPool-1 - Thread starvation or clock leap detected (housekeeper delta=54m43s506ms).
2022-05-140 04:10:45 WARN HikariPool-1 - Thread starvation or clock leap detected (housekeeper delta=1h29m51s409ms).
2022-05-140 05:40:51 WARN HikariPool-1 - Thread starvation or clock leap detected (housekeeper delta=1h29m36s407ms).
2022-05-140 07:29:10 WARN HikariPool-1 - Thread starvation or clock leap detected (housekeeper delta=1h47m48s932ms).
2022-05-140 09:09:04 WARN HikariPool-1 - Thread starvation or clock leap detected (housekeeper delta=1h39m24s275ms).
2022-05-140 09:36:59 WARN HikariPool-1 - Thread starvation or clock leap detected (housekeeper delta=6m54s174ms).
2022-05-140 09:50:05 WARN HikariPool-1 - Thread starvation or clock leap detected (housekeeper delta=12m36s584ms).
2022-05-140 09:51:35 INFO WebSocketSession[0 current WS(0)-HttpStream(0)-HttpPoll(0), 0 total, 0 closed abnormally (0 connect failure, 0 send limit, 0 transport error)], stompSubProtocol[processed CONNECT(0)-CONNECTED(0)-DISCONNECT(0)], stompBrokerRelay[null], inboundChannel[pool size = 0, active threads = 0, queued tasks = 0, completed tasks = 0], outboundChannel[pool size = 0, active threads = 0, queued tasks = 0, completed tasks = 0], sockJsScheduler[pool size = 6, active threads = 1, queued tasks = 0, completed tasks = 5]
2022-05-140 10:15:27 WARN HikariPool-1 - Thread starvation or clock leap detected (housekeeper delta=3m22s164ms).
2022-05-140 10:24:06 WARN HikariPool-1 - Thread starvation or clock leap detected (housekeeper delta=8m8s717ms).
2022-05-140 10:25:32 WARN HikariPool-1 - Thread starvation or clock leap detected (housekeeper delta=55s570ms).
2022-05-140 10:26:51 WARN HikariPool-1 - Thread starvation or clock leap detected (housekeeper delta=48s788ms).
2022-05-140 10:38:06 WARN HikariPool-1 - Thread starvation or clock leap detected (housekeeper delta=8m45s552ms).
2022-05-140 10:59:32 WARN HikariPool-1 - Thread starvation or clock leap detected (housekeeper delta=20m55s891ms).
2022-05-140 11:04:51 WARN HikariPool-1 - Thread starvation or clock leap detected (housekeeper delta=4m48s481ms).
2022-05-140 11:06:57 INFO WebSocketSession[0 current WS(0)-HttpStream(0)-HttpPoll(0), 0 total, 0 closed abnormally (0 connect failure, 0 send limit, 0 transport error)], stompSubProtocol[processed CONNECT(0)-CONNECTED(0)-DISCONNECT(0)], stompBrokerRelay[null], inboundChannel[pool size = 0, active threads = 0, queued tasks = 0, completed tasks = 0], outboundChannel[pool size = 0, active threads = 0, queued tasks = 0, completed tasks = 0], sockJsScheduler[pool size = 7, active threads = 1, queued tasks = 0, completed tasks = 6]
2022-05-140 11:06:58 WARN HikariPool-1 - Thread starvation or clock leap detected (housekeeper delta=1m37s619ms).
2022-05-140 11:17:17 WARN HikariPool-1 - Thread starvation or clock leap detected (housekeeper delta=10m18s884ms).
2022-05-140 11:17:43 WARN HikariPool-1 - Retrograde clock change detected (housekeeper delta=26s51ms), soft-evicting connections from pool.
2022-05-140 11:46:43 INFO WebSocketSession[0 current WS(0)-HttpStream(0)-HttpPoll(0), 0 total, 0 closed abnormally (0 connect failure, 0 send limit, 0 transport error)], stompSubProtocol[processed CONNECT(0)-CONNECTED(0)-DISCONNECT(0)], stompBrokerRelay[null], inboundChannel[pool size = 0, active threads = 0, queued tasks = 0, completed tasks = 0], outboundChannel[pool size = 0, active threads = 0, queued tasks = 0, completed tasks = 0], sockJsScheduler[pool size = 8, active threads = 1, queued tasks = 0, completed tasks = 7]
2022-05-140 12:16:43 INFO WebSocketSession[0 current WS(0)-HttpStream(0)-HttpPoll(0), 0 total, 0 closed abnormally (0 connect failure, 0 send limit, 0 transport error)], stompSubProtocol[processed CONNECT(0)-CONNECTED(0)-DISCONNECT(0)], stompBrokerRelay[null], inboundChannel[pool size = 0, active threads = 0, queued tasks = 0, completed tasks = 0], outboundChannel[pool size = 0, active threads = 0, queued tasks = 0, completed tasks = 0], sockJsScheduler[pool size = 9, active threads = 1, queued tasks = 0, completed tasks = 8]
2022-05-140 12:54:21 WARN HikariPool-1 - Thread starvation or clock leap detected (housekeeper delta=30m35s456ms).
2022-05-140 14:00:10 WARN HikariPool-1 - Thread starvation or clock leap detected (housekeeper delta=1h5m19s354ms).
2022-05-140 15:46:36 WARN HikariPool-1 - Thread starvation or clock leap detected (housekeeper delta=1h35m25s899ms).
2022-05-140 15:56:34 INFO WebSocketSession[0 current WS(0)-HttpStream(0)-HttpPoll(0), 0 total, 0 closed abnormally (0 connect failure, 0 send limit, 0 transport error)], stompSubProtocol[processed CONNECT(0)-CONNECTED(0)-DISCONNECT(0)], stompBrokerRelay[null], inboundChannel[pool size = 0, active threads = 0, queued tasks = 0, completed tasks = 0], outboundChannel[pool size = 0, active threads = 0, queued tasks = 0, completed tasks = 0], sockJsScheduler[pool size = 10, active threads = 1, queued tasks = 0, completed tasks = 9]
2022-05-140 16:01:07 WARN HikariPool-1 - Thread starvation or clock leap detected (housekeeper delta=1m30s939ms).
2022-05-140 16:29:41 WARN HikariPool-1 - Thread starvation or clock leap detected (housekeeper delta=28m33s373ms).
2022-05-140 16:56:49 WARN HikariPool-1 - Thread starvation or clock leap detected (housekeeper delta=26m38s44ms).
2022-05-140 17:21:50 INFO WebSocketSession[0 current WS(0)-HttpStream(0)-HttpPoll(0), 0 total, 0 closed abnormally (0 connect failure, 0 send limit, 0 transport error)], stompSubProtocol[processed CONNECT(0)-CONNECTED(0)-DISCONNECT(0)], stompBrokerRelay[null], inboundChannel[pool size = 0, active threads = 0, queued tasks = 0, completed tasks = 0], outboundChannel[pool size = 0, active threads = 0, queued tasks = 0, completed tasks = 0], sockJsScheduler[pool size = 11, active threads = 1, queued tasks = 0, completed tasks = 10]
2022-05-140 17:51:50 INFO WebSocketSession[0 current WS(0)-HttpStream(0)-HttpPoll(0), 0 total, 0 closed abnormally (0 connect failure, 0 send limit, 0 transport error)], stompSubProtocol[processed CONNECT(0)-CONNECTED(0)-DISCONNECT(0)], stompBrokerRelay[null], inboundChannel[pool size = 0, active threads = 0, queued tasks = 0, completed tasks = 0], outboundChannel[pool size = 0, active threads = 0, queued tasks = 0, completed tasks = 0], sockJsScheduler[pool size = 12, active threads = 1, queued tasks = 0, completed tasks = 11]
2022-05-140 18:21:50 INFO WebSocketSession[0 current WS(0)-HttpStream(0)-HttpPoll(0), 0 total, 0 closed abnormally (0 connect failure, 0 send limit, 0 transport error)], stompSubProtocol[processed CONNECT(0)-CONNECTED(0)-DISCONNECT(0)], stompBrokerRelay[null], inboundChannel[pool size = 0, active threads = 0, queued tasks = 0, completed tasks = 0], outboundChannel[pool size = 0, active threads = 0, queued tasks = 0, completed tasks = 0], sockJsScheduler[pool size = 12, active threads = 1, queued tasks = 0, completed tasks = 12]
2022-05-140 18:57:56 WARN HikariPool-1 - Thread starvation or clock leap detected (housekeeper delta=30m32s433ms).
2022-05-140 19:47:00 WARN HikariPool-1 - Thread starvation or clock leap detected (housekeeper delta=48m34s326ms).
2022-05-140 20:51:14 WARN HikariPool-1 - Thread starvation or clock leap detected (housekeeper delta=1h3m44s262ms).
2022-05-140 21:49:45 WARN HikariPool-1 - Thread starvation or clock leap detected (housekeeper delta=58m1s10ms).
2022-05-140 22:45:00 WARN HikariPool-1 - Thread starvation or clock leap detected (housekeeper delta=55m14s519ms).
2022-05-140 22:54:24 INFO Application shutdown requested.
2022-05-140 22:54:24 INFO Stopping...
2022-05-140 22:54:24 INFO BrokerAvailabilityEvent[available=false, SimpleBrokerMessageHandler [org.springframework.messaging.simp.broker.DefaultSubscriptionRegistry@45649467]]
2022-05-140 22:54:24 INFO Stopped.
2022-05-140 22:54:24 INFO Closing JPA EntityManagerFactory for persistence unit 'default'
2022-05-140 22:54:24 TRACE Handling #sessionFactoryClosed from [org.hibernate.internal.SessionFactoryImpl@55c46ec1] for TypeConfiguration
2022-05-140 22:54:24 DEBUG Un-scoping TypeConfiguration [org.hibernate.type.spi.TypeConfiguration$Scope@3b3ccb0] from SessionFactory [org.hibernate.internal.SessionFactoryImpl@55c46ec1]
2022-05-140 22:54:24 INFO HikariPool-1 - Shutdown initiated...
2022-05-140 22:54:24 INFO HikariPool-1 - Shutdown completed.
