2022-05-139 00:12:57 WARN HikariPool-1 - Thread starvation or clock leap detected (housekeeper delta=29m58s324ms).
2022-05-139 00:29:36 WARN HikariPool-1 - Thread starvation or clock leap detected (housekeeper delta=16m9s416ms).
2022-05-139 00:45:43 WARN HikariPool-1 - Thread starvation or clock leap detected (housekeeper delta=16m6s876ms).
2022-05-139 02:33:55 WARN HikariPool-1 - Thread starvation or clock leap detected (housekeeper delta=1h47m42s74ms).
2022-05-139 04:22:08 WARN HikariPool-1 - Thread starvation or clock leap detected (housekeeper delta=1h47m43s331ms).
2022-05-139 06:10:22 WARN HikariPool-1 - Thread starvation or clock leap detected (housekeeper delta=1h47m43s440ms).
2022-05-139 07:58:37 WARN HikariPool-1 - Thread starvation or clock leap detected (housekeeper delta=1h47m45s140ms).
2022-05-139 09:36:07 WARN HikariPool-1 - Thread starvation or clock leap detected (housekeeper delta=1h37m481ms).
2022-05-139 11:23:51 WARN HikariPool-1 - Thread starvation or clock leap detected (housekeeper delta=1h47m43s354ms).
2022-05-139 11:24:18 WARN HikariPool-1 - Retrograde clock change detected (housekeeper delta=27s741ms), soft-evicting connections from pool.
2022-05-139 13:12:45 WARN HikariPool-1 - Thread starvation or clock leap detected (housekeeper delta=1h43m56s769ms).
2022-05-139 15:01:00 WARN HikariPool-1 - Thread starvation or clock leap detected (housekeeper delta=1h47m44s663ms).
2022-05-139 16:48:44 WARN HikariPool-1 - Thread starvation or clock leap detected (housekeeper delta=1h47m44s225ms).
2022-05-139 18:36:57 WARN HikariPool-1 - Thread starvation or clock leap detected (housekeeper delta=1h47m41s902ms).
2022-05-139 20:25:10 WARN HikariPool-1 - Thread starvation or clock leap detected (housekeeper delta=1h47m43s641ms).
2022-05-139 21:46:01 WARN HikariPool-1 - Thread starvation or clock leap detected (housekeeper delta=1h20m20s234ms).
2022-05-139 22:10:25 WARN HikariPool-1 - Thread starvation or clock leap detected (housekeeper delta=23m22s363ms).
2022-05-139 22:14:55 INFO WebSocketSession[0 current WS(0)-HttpStream(0)-HttpPoll(0), 0 total, 0 closed abnormally (0 connect failure, 0 send limit, 0 transport error)], stompSubProtocol[processed CONNECT(0)-CONNECTED(0)-DISCONNECT(0)], stompBrokerRelay[null], inboundChannel[pool size = 0, active threads = 0, queued tasks = 0, completed tasks = 0], outboundChannel[pool size = 0, active threads = 0, queued tasks = 0, completed tasks = 0], sockJsScheduler[pool size = 2, active threads = 1, queued tasks = 0, completed tasks = 1]
2022-05-139 22:44:55 INFO WebSocketSession[0 current WS(0)-HttpStream(0)-HttpPoll(0), 0 total, 0 closed abnormally (0 connect failure, 0 send limit, 0 transport error)], stompSubProtocol[processed CONNECT(0)-CONNECTED(0)-DISCONNECT(0)], stompBrokerRelay[null], inboundChannel[pool size = 0, active threads = 0, queued tasks = 0, completed tasks = 0], outboundChannel[pool size = 0, active threads = 0, queued tasks = 0, completed tasks = 0], sockJsScheduler[pool size = 3, active threads = 1, queued tasks = 0, completed tasks = 2]
2022-05-139 23:14:55 INFO WebSocketSession[0 current WS(0)-HttpStream(0)-HttpPoll(0), 0 total, 0 closed abnormally (0 connect failure, 0 send limit, 0 transport error)], stompSubProtocol[processed CONNECT(0)-CONNECTED(0)-DISCONNECT(0)], stompBrokerRelay[null], inboundChannel[pool size = 0, active threads = 0, queued tasks = 0, completed tasks = 0], outboundChannel[pool size = 0, active threads = 0, queued tasks = 0, completed tasks = 0], sockJsScheduler[pool size = 4, active threads = 1, queued tasks = 0, completed tasks = 3]
2022-05-139 23:42:07 WARN HikariPool-1 - Thread starvation or clock leap detected (housekeeper delta=3m11s298ms).
