2022-05-128 01:12:02 WARN HikariPool-1 - Thread starvation or clock leap detected (housekeeper delta=1h47m44s113ms).
2022-05-128 03:00:18 WARN HikariPool-1 - Thread starvation or clock leap detected (housekeeper delta=1h47m45s721ms).
2022-05-128 04:48:32 WARN HikariPool-1 - Thread starvation or clock leap detected (housekeeper delta=1h47m44s245ms).
2022-05-128 06:36:49 WARN HikariPool-1 - Thread starvation or clock leap detected (housekeeper delta=1h47m47s7ms).
2022-05-128 08:24:33 WARN HikariPool-1 - Thread starvation or clock leap detected (housekeeper delta=1h47m43s842ms).
2022-05-128 10:12:47 WARN HikariPool-1 - Thread starvation or clock leap detected (housekeeper delta=1h47m43s518ms).
2022-05-128 12:01:01 WARN HikariPool-1 - Thread starvation or clock leap detected (housekeeper delta=1h47m44s806ms).
2022-05-128 13:49:15 WARN HikariPool-1 - Thread starvation or clock leap detected (housekeeper delta=1h47m43s710ms).
2022-05-128 15:37:30 WARN HikariPool-1 - Thread starvation or clock leap detected (housekeeper delta=1h47m45s124ms).
2022-05-128 17:25:15 WARN HikariPool-1 - Thread starvation or clock leap detected (housekeeper delta=1h47m44s755ms).
2022-05-128 17:30:09 WARN HikariPool-1 - Thread starvation or clock leap detected (housekeeper delta=4m23s688ms).
2022-05-128 17:34:00 INFO WebSocketSession[0 current WS(0)-HttpStream(0)-HttpPoll(0), 0 total, 0 closed abnormally (0 connect failure, 0 send limit, 0 transport error)], stompSubProtocol[processed CONNECT(0)-CONNECTED(0)-DISCONNECT(0)], stompBrokerRelay[null], inboundChannel[pool size = 0, active threads = 0, queued tasks = 0, completed tasks = 0], outboundChannel[pool size = 0, active threads = 0, queued tasks = 0, completed tasks = 0], sockJsScheduler[pool size = 12, active threads = 1, queued tasks = 0, completed tasks = 26]
2022-05-128 19:16:23 WARN HikariPool-1 - Thread starvation or clock leap detected (housekeeper delta=1h21m13s937ms).
2022-05-128 19:16:53 WARN HikariPool-1 - Retrograde clock change detected (housekeeper delta=29s864ms), soft-evicting connections from pool.
2022-05-128 19:24:44 INFO WebSocketSession[0 current WS(0)-HttpStream(0)-HttpPoll(0), 0 total, 0 closed abnormally (0 connect failure, 0 send limit, 0 transport error)], stompSubProtocol[processed CONNECT(0)-CONNECTED(0)-DISCONNECT(0)], stompBrokerRelay[null], inboundChannel[pool size = 0, active threads = 0, queued tasks = 0, completed tasks = 0], outboundChannel[pool size = 0, active threads = 0, queued tasks = 0, completed tasks = 0], sockJsScheduler[pool size = 12, active threads = 1, queued tasks = 0, completed tasks = 27]
2022-05-128 21:07:12 WARN HikariPool-1 - Thread starvation or clock leap detected (housekeeper delta=1h25m19s337ms).
2022-05-128 21:26:49 WARN HikariPool-1 - Thread starvation or clock leap detected (housekeeper delta=11m36s631ms).
2022-05-128 21:30:40 INFO WebSocketSession[0 current WS(0)-HttpStream(0)-HttpPoll(0), 0 total, 0 closed abnormally (0 connect failure, 0 send limit, 0 transport error)], stompSubProtocol[processed CONNECT(0)-CONNECTED(0)-DISCONNECT(0)], stompBrokerRelay[null], inboundChannel[pool size = 0, active threads = 0, queued tasks = 0, completed tasks = 0], outboundChannel[pool size = 0, active threads = 0, queued tasks = 0, completed tasks = 0], sockJsScheduler[pool size = 12, active threads = 1, queued tasks = 0, completed tasks = 28]
2022-05-128 21:40:49 INFO Application shutdown requested.
2022-05-128 21:40:49 INFO Stopping...
2022-05-128 21:40:49 INFO BrokerAvailabilityEvent[available=false, SimpleBrokerMessageHandler [org.springframework.messaging.simp.broker.DefaultSubscriptionRegistry@42d96745]]
2022-05-128 21:40:49 INFO Stopped.
2022-05-128 21:40:49 INFO Closing JPA EntityManagerFactory for persistence unit 'default'
2022-05-128 21:40:49 TRACE Handling #sessionFactoryClosed from [org.hibernate.internal.SessionFactoryImpl@6cc90398] for TypeConfiguration
2022-05-128 21:40:49 DEBUG Un-scoping TypeConfiguration [org.hibernate.type.spi.TypeConfiguration$Scope@236615a2] from SessionFactory [org.hibernate.internal.SessionFactoryImpl@6cc90398]
2022-05-128 21:40:49 INFO HikariPool-1 - Shutdown initiated...
2022-05-128 21:40:49 INFO HikariPool-1 - Shutdown completed.
